1662446513400	geckodriver	INFO	Listening on 127.0.0.1:53043
1662446651938	geckodriver	INFO	Listening on 127.0.0.1:53133
1662446655014	mozrunner::runner	INFO	Running command: "C:\\Program Files\\Mozilla Firefox\\firefox.exe" "--marionette" "start-maximized" "--remote-debugging-port" "53134" "--remote-allow-hosts" "localhost" "-no-remote" "-profile" "C:\\Users\\GENNAD~1\\AppData\\Local\\Temp\\rust_mozprofileygdtci"
1662446655252	Marionette	INFO	Marionette enabled
1662446655255	Marionette	INFO	Listening on port 53143
WebDriver BiDi listening on ws://localhost:53134
Read port: 53143
1662446655447	RemoteAgent	WARN	TLS certificate errors will be ignored for this session
console.warn: SearchSettings: "get: No settings file exists, new profile?" (new NotFoundError("Could not open the file at C:\\Users\\GENNAD~1\\AppData\\Local\\Temp\\rust_mozprofileygdtci\\search.json.mozlz4", (void 0)))
DevTools listening on ws://localhost:53134/devtools/browser/10fc5873-3d69-437e-a5ea-97badd65b252
JavaScript error: chrome://remote/content/marionette/driver.js, line 2270: NS_ERROR_ILLEGAL_VALUE: Component returned failure code: 0x80070057 (NS_ERROR_ILLEGAL_VALUE) [nsIObserverService.removeObserver]
1662446681377	geckodriver	INFO	Listening on 127.0.0.1:53166
1662446684463	mozrunner::runner	INFO	Running command: "C:\\Program Files\\Mozilla Firefox\\firefox.exe" "--marionette" "start-maximized" "--remote-debugging-port" "53167" "--remote-allow-hosts" "localhost" "-no-remote" "-profile" "C:\\Users\\GENNAD~1\\AppData\\Local\\Temp\\rust_mozprofile8xrbiF"
1662446684685	Marionette	INFO	Marionette enabled
1662446684688	Marionette	INFO	Listening on port 53176
WebDriver BiDi listening on ws://localhost:53167
Read port: 53176
1662446684873	RemoteAgent	WARN	TLS certificate errors will be ignored for this session
console.warn: SearchSettings: "get: No settings file exists, new profile?" (new NotFoundError("Could not open the file at C:\\Users\\GENNAD~1\\AppData\\Local\\Temp\\rust_mozprofile8xrbiF\\search.json.mozlz4", (void 0)))
DevTools listening on ws://localhost:53167/devtools/browser/ebcfeb8d-4d98-4935-a924-dbba16efb92e
JavaScript error: chrome://remote/content/marionette/driver.js, line 2270: NS_ERROR_ILLEGAL_VALUE: Component returned failure code: 0x80070057 (NS_ERROR_ILLEGAL_VALUE) [nsIObserverService.removeObserver]
1662446883162	geckodriver	INFO	Listening on 127.0.0.1:53219
1662446886220	mozrunner::runner	INFO	Running command: "C:\\Program Files\\Mozilla Firefox\\firefox.exe" "--marionette" "start-maximized" "--remote-debugging-port" "53220" "--remote-allow-hosts" "localhost" "-no-remote" "-profile" "C:\\Users\\GENNAD~1\\AppData\\Local\\Temp\\rust_mozprofilevy6uUJ"
1662446886454	Marionette	INFO	Marionette enabled
1662446886457	Marionette	INFO	Listening on port 53229
WebDriver BiDi listening on ws://localhost:53220
Read port: 53229
1662446886646	RemoteAgent	WARN	TLS certificate errors will be ignored for this session
console.warn: SearchSettings: "get: No settings file exists, new profile?" (new NotFoundError("Could not open the file at C:\\Users\\GENNAD~1\\AppData\\Local\\Temp\\rust_mozprofilevy6uUJ\\search.json.mozlz4", (void 0)))
DevTools listening on ws://localhost:53220/devtools/browser/4cfc4e7b-82a1-4f2c-a59f-8b033c7e6a9b
JavaScript error: chrome://remote/content/marionette/driver.js, line 2270: NS_ERROR_ILLEGAL_VALUE: Component returned failure code: 0x80070057 (NS_ERROR_ILLEGAL_VALUE) [nsIObserverService.removeObserver]
1662446913696	geckodriver	INFO	Listening on 127.0.0.1:53252
1662446916783	mozrunner::runner	INFO	Running command: "C:\\Program Files\\Mozilla Firefox\\firefox.exe" "--marionette" "start-maximized" "--remote-debugging-port" "53253" "--remote-allow-hosts" "localhost" "-no-remote" "-profile" "C:\\Users\\GENNAD~1\\AppData\\Local\\Temp\\rust_mozprofileWHftYm"
1662446917008	Marionette	INFO	Marionette enabled
1662446917011	Marionette	INFO	Listening on port 53263
Read port: 53263
WebDriver BiDi listening on ws://localhost:53253
1662446917107	RemoteAgent	WARN	TLS certificate errors will be ignored for this session
console.warn: SearchSettings: "get: No settings file exists, new profile?" (new NotFoundError("Could not open the file at C:\\Users\\GENNAD~1\\AppData\\Local\\Temp\\rust_mozprofileWHftYm\\search.json.mozlz4", (void 0)))
DevTools listening on ws://localhost:53253/devtools/browser/e4415e69-629a-4200-a098-00d6223ae17c
JavaScript error: chrome://remote/content/marionette/driver.js, line 2270: NS_ERROR_ILLEGAL_VALUE: Component returned failure code: 0x80070057 (NS_ERROR_ILLEGAL_VALUE) [nsIObserverService.removeObserver]
1662446977735	geckodriver	INFO	Listening on 127.0.0.1:53287
1662446980815	mozrunner::runner	INFO	Running command: "C:\\Program Files\\Mozilla Firefox\\firefox.exe" "--marionette" "--remote-debugging-port" "53288" "--remote-allow-hosts" "localhost" "-no-remote" "-profile" "C:\\Users\\GENNAD~1\\AppData\\Local\\Temp\\rust_mozprofile9UL15z"
1662446981046	Marionette	INFO	Marionette enabled
1662446981049	Marionette	INFO	Listening on port 53297
WebDriver BiDi listening on ws://localhost:53288
Read port: 53297
1662446981235	RemoteAgent	WARN	TLS certificate errors will be ignored for this session
console.warn: SearchSettings: "get: No settings file exists, new profile?" (new NotFoundError("Could not open the file at C:\\Users\\GENNAD~1\\AppData\\Local\\Temp\\rust_mozprofile9UL15z\\search.json.mozlz4", (void 0)))
DevTools listening on ws://localhost:53288/devtools/browser/71dc11de-42ce-4bc7-adb9-07092588569d
1662446987370	Marionette	INFO	Stopped listening on port 53297
console.warn: TopSitesFeed: Failed to fetch data from Contile server: NetworkError when attempting to fetch resource.
1662446993861	geckodriver	INFO	Listening on 127.0.0.1:53331
1662446996937	mozrunner::runner	INFO	Running command: "C:\\Program Files\\Mozilla Firefox\\firefox.exe" "--marionette" "start-maximized" "--remote-debugging-port" "53332" "--remote-allow-hosts" "localhost" "-no-remote" "-profile" "C:\\Users\\GENNAD~1\\AppData\\Local\\Temp\\rust_mozprofileXRJ6UV"
1662446997161	Marionette	INFO	Marionette enabled
1662446997164	Marionette	INFO	Listening on port 53341
WebDriver BiDi listening on ws://localhost:53332
Read port: 53341
1662446997355	RemoteAgent	WARN	TLS certificate errors will be ignored for this session
console.warn: SearchSettings: "get: No settings file exists, new profile?" (new NotFoundError("Could not open the file at C:\\Users\\GENNAD~1\\AppData\\Local\\Temp\\rust_mozprofileXRJ6UV\\search.json.mozlz4", (void 0)))
DevTools listening on ws://localhost:53332/devtools/browser/fe423737-f9b5-4c92-b10a-928baf479425
JavaScript error: chrome://remote/content/marionette/driver.js, line 2270: NS_ERROR_ILLEGAL_VALUE: Component returned failure code: 0x80070057 (NS_ERROR_ILLEGAL_VALUE) [nsIObserverService.removeObserver]
1662447054557	geckodriver	INFO	Listening on 127.0.0.1:53365
1662447057633	mozrunner::runner	INFO	Running command: "C:\\Program Files\\Mozilla Firefox\\firefox.exe" "--marionette" "--remote-debugging-port" "53366" "--remote-allow-hosts" "localhost" "-no-remote" "-profile" "C:\\Users\\GENNAD~1\\AppData\\Local\\Temp\\rust_mozprofile7VNpKF"
1662447057857	Marionette	INFO	Marionette enabled
1662447057860	Marionette	INFO	Listening on port 53375
WebDriver BiDi listening on ws://localhost:53366
Read port: 53375
1662447058048	RemoteAgent	WARN	TLS certificate errors will be ignored for this session
console.warn: SearchSettings: "get: No settings file exists, new profile?" (new NotFoundError("Could not open the file at C:\\Users\\GENNAD~1\\AppData\\Local\\Temp\\rust_mozprofile7VNpKF\\search.json.mozlz4", (void 0)))
DevTools listening on ws://localhost:53366/devtools/browser/e3c238f1-870c-4806-8210-203eb402694b
JavaScript error: resource://gre/modules/URIFixup.jsm, line 292: NS_ERROR_FAILURE: Should pass a non-null uri
1662447069019	Marionette	INFO	Stopped listening on port 53375
console.warn: TopSitesFeed: Failed to fetch data from Contile server: NetworkError when attempting to fetch resource.
1662448804589	geckodriver	INFO	Listening on 127.0.0.1:63053
1662448807654	mozrunner::runner	INFO	Running command: "C:\\Program Files\\Mozilla Firefox\\firefox.exe" "--marionette" "--remote-debugging-port" "63054" "--remote-allow-hosts" "localhost" "-no-remote" "-profile" "C:\\Users\\GENNAD~1\\AppData\\Local\\Temp\\rust_mozprofilezgj28h"
1662448807896	Marionette	INFO	Marionette enabled
1662448807899	Marionette	INFO	Listening on port 63063
WebDriver BiDi listening on ws://localhost:63054
Read port: 63063
1662448808091	RemoteAgent	WARN	TLS certificate errors will be ignored for this session
console.warn: SearchSettings: "get: No settings file exists, new profile?" (new NotFoundError("Could not open the file at C:\\Users\\GENNAD~1\\AppData\\Local\\Temp\\rust_mozprofilezgj28h\\search.json.mozlz4", (void 0)))
DevTools listening on ws://localhost:63054/devtools/browser/fbd71fc0-2124-44d9-983e-2b39311110c9
JavaScript error: resource://gre/modules/URIFixup.jsm, line 292: NS_ERROR_FAILURE: Should pass a non-null uri
1662448825480	Marionette	INFO	Stopped listening on port 63063
console.warn: TopSitesFeed: Failed to fetch data from Contile server: NetworkError when attempting to fetch resource.
